Using pre-set license
Built from '2020.3/staging' branch; Version is '2020.3.21f1 (a38c86f6690f) revision 10718342'; Using compiler version '192528614'; Build Type 'Release'
OS: 'Windows 10 Home Single Language; OS build 22621.1702; Version 2009; 64bit' Language: 'en' Physical Memory: 7932 MB
BatchMode: 1, IsHumanControllingUs: 0, StartBugReporterOnCrash: 0, Is64bit: 1, IsPro: 0

COMMAND LINE ARGUMENTS:
D:\Epic game launcher\Unity Engine\unity soft\unity editor\2020.3.21f1\Editor\Unity.exe
-adb2
-batchMode
-noUpm
-name
AssetImportWorker3
-projectPath
D:/GitHub_Project/HitWicket_Test
-logFile
Logs/AssetImportWorker3.log
-srvPort
50151
Successfully changed project path to: D:/GitHub_Project/HitWicket_Test
D:/GitHub_Project/HitWicket_Test
Using Asset Import Pipeline V2.
Refreshing native plugins compatible for Editor in 58.64 ms, found 5 plugins.
Preloading 0 native plugins for Editor in 0.00 ms.
Initialize engine version: 2020.3.21f1 (a38c86f6690f)
[Subsystems] Discovering subsystems at path D:/Epic game launcher/Unity Engine/unity soft/unity editor/2020.3.21f1/Editor/Data/Resources/UnitySubsystems
[Subsystems] Discovering subsystems at path D:/GitHub_Project/HitWicket_Test/Assets
GfxDevice: creating device client; threaded=0
Direct3D:
    Version:  Direct3D 11.0 [level 11.1]
    Renderer: Intel(R) UHD Graphics (ID=0x8a56)
    Vendor:   
    VRAM:     3966 MB
    Driver:   30.0.100.9805
Initialize mono
Mono path[0] = 'D:/Epic game launcher/Unity Engine/unity soft/unity editor/2020.3.21f1/Editor/Data/Managed'
Mono path[1] = 'D:/Epic game launcher/Unity Engine/unity soft/unity editor/2020.3.21f1/Editor/Data/MonoBleedingEdge/lib/mono/unityjit'
Mono config path = 'D:/Epic game launcher/Unity Engine/unity soft/unity editor/2020.3.21f1/Editor/Data/MonoBleedingEdge/etc'
Using monoOptions --debugger-agent=transport=dt_socket,embedding=1,server=y,suspend=n,address=127.0.0.1:56704
Begin MonoManager ReloadAssembly
Registering precompiled unity dll's ...
Register platform support module: D:/Epic game launcher/Unity Engine/unity soft/unity editor/2020.3.21f1/Editor/Data/PlaybackEngines/WindowsStandaloneSupport/UnityEditor.WindowsStandalone.Extensions.dll
Registered in 0.000766 seconds.
Native extension for WindowsStandalone target not found
Refreshing native plugins compatible for Editor in 56.82 ms, found 5 plugins.
Preloading 0 native plugins for Editor in 0.00 ms.
Mono: successfully reloaded assembly
- Completed reload, in  0.873 seconds
Domain Reload Profiling:
	ReloadAssembly (873ms)
		BeginReloadAssembly (47ms)
			ExecutionOrderSort (0ms)
			DisableScriptedObjects (0ms)
			BackupInstance (0ms)
			ReleaseScriptingObjects (0ms)
			CreateAndSetChildDomain (1ms)
		EndReloadAssembly (437ms)
			LoadAssemblies (46ms)
			RebuildTransferFunctionScriptingTraits (0ms)
			SetupTypeCache (141ms)
			ReleaseScriptCaches (0ms)
			RebuildScriptCaches (30ms)
			SetupLoadedEditorAssemblies (174ms)
				LogAssemblyErrors (0ms)
				InitializePlatformSupportModulesInManaged (4ms)
				SetLoadedEditorAssemblies (0ms)
				RefreshPlugins (57ms)
				BeforeProcessingInitializeOnLoad (7ms)
				ProcessInitializeOnLoadAttributes (78ms)
				ProcessInitializeOnLoadMethodAttributes (28ms)
				AfterProcessingInitializeOnLoad (0ms)
				EditorAssembliesLoaded (0ms)
			ExecutionOrderSort2 (0ms)
			AwakeInstancesAfterBackupRestoration (0ms)
Platform modules already initialized, skipping
Registering precompiled user dll's ...
Registered in 0.002899 seconds.
Begin MonoManager ReloadAssembly
Native extension for WindowsStandalone target not found
Refreshing native plugins compatible for Editor in 62.48 ms, found 5 plugins.
Preloading 0 native plugins for Editor in 0.00 ms.
Mono: successfully reloaded assembly
- Completed reload, in  1.825 seconds
Domain Reload Profiling:
	ReloadAssembly (1826ms)
		BeginReloadAssembly (126ms)
			ExecutionOrderSort (0ms)
			DisableScriptedObjects (5ms)
			BackupInstance (0ms)
			ReleaseScriptingObjects (0ms)
			CreateAndSetChildDomain (16ms)
		EndReloadAssembly (1648ms)
			LoadAssemblies (695ms)
			RebuildTransferFunctionScriptingTraits (0ms)
			SetupTypeCache (342ms)
			ReleaseScriptCaches (0ms)
			RebuildScriptCaches (48ms)
			SetupLoadedEditorAssemblies (440ms)
				LogAssemblyErrors (0ms)
				InitializePlatformSupportModulesInManaged (4ms)
				SetLoadedEditorAssemblies (0ms)
				RefreshPlugins (63ms)
				BeforeProcessingInitializeOnLoad (69ms)
				ProcessInitializeOnLoadAttributes (239ms)
				ProcessInitializeOnLoadMethodAttributes (63ms)
				AfterProcessingInitializeOnLoad (2ms)
				EditorAssembliesLoaded (0ms)
			ExecutionOrderSort2 (0ms)
			AwakeInstancesAfterBackupRestoration (7ms)
Platform modules already initialized, skipping
========================================================================
Worker process is ready to serve import requests
Launched and connected shader compiler UnityShaderCompiler.exe after 0.12 seconds
Refreshing native plugins compatible for Editor in 0.80 ms, found 5 plugins.
Preloading 0 native plugins for Editor in 0.00 ms.
Unloading 2960 Unused Serialized files (Serialized files now loaded: 0)
System memory in use before: 135.9 MB.
System memory in use after: 135.8 MB.

Unloading 28 unused Assets to reduce memory usage. Loaded Objects now: 3390.
Total: 3.535300 ms (FindLiveObjects: 0.232200 ms CreateObjectMapping: 0.103600 ms MarkObjects: 2.990700 ms  DeleteObjects: 0.206800 ms)

AssetImportParameters requested are different than current active one (requested -> active):
  custom:framework-win-MediaFoundation: 216162199b28c13a410421893ffa2e32 -> 
  custom:video-decoder-ogg-theora: a1e56fd34408186e4bbccfd4996cb3dc -> 
  custom:container-muxer-webm: aa71ff27fc2769a1b78a27578f13a17b -> 
  custom:container-demuxer-webm: 4f35f7cbe854078d1ac9338744f61a02 -> 
  custom:container-demuxer-ogg: 62fdf1f143b41e24485cea50d1cbac27 -> 
  custom:video-encoder-webm-vp8: eb34c28f22e8b96e1ab97ce403110664 -> 
  custom:video-decoder-webm-vp8: 9c59270c3fd7afecdb556c50c9e8de78 -> 
  custom:audio-decoder-ogg-vorbis: bf7c407c2cedff20999df2af8eb42d56 -> 
  custom:audio-encoder-webm-vorbis: bf7c407c2cedff20999df2af8eb42d56 -> 
========================================================================
Received Import Request.
  path: Assets/Amit/ColorChanger/UI/BG_Blue.mat
  artifactKey: Guid(c802e5a2e2556084695e198282b87ba5) Importer(815301076,1909f56bfc062723c751e8b465ee728b)
Start importing Assets/Amit/ColorChanger/UI/BG_Blue.mat using Guid(c802e5a2e2556084695e198282b87ba5) Importer(815301076,1909f56bfc062723c751e8b465ee728b)  -> (artifact id: '305e042be0266e5e233e3cf9bf1a01c8') in 0.633691 seconds 
  Import took 0.899518 seconds .

========================================================================
Received Import Request.
  Time since last request: 0.000470 seconds.
  path: Assets/Amit/ColorChanger/UI/BG_Red.mat
  artifactKey: Guid(053a50635bd51e34d8ae4ec75c5d814d) Importer(815301076,1909f56bfc062723c751e8b465ee728b)
Start importing Assets/Amit/ColorChanger/UI/BG_Red.mat using Guid(053a50635bd51e34d8ae4ec75c5d814d) Importer(815301076,1909f56bfc062723c751e8b465ee728b)  -> (artifact id: 'cce84eb02a51e03af58b6cf13dca243b') in 0.019102 seconds 
  Import took 0.084324 seconds .

========================================================================
Received Import Request.
  Time since last request: 0.000304 seconds.
  path: Assets/Amit/ColorChanger/UI/BG_Green.mat
  artifactKey: Guid(af83716a4ecd2fd4a919db9ef8248978) Importer(815301076,1909f56bfc062723c751e8b465ee728b)
Start importing Assets/Amit/ColorChanger/UI/BG_Green.mat using Guid(af83716a4ecd2fd4a919db9ef8248978) Importer(815301076,1909f56bfc062723c751e8b465ee728b)  -> (artifact id: '28156615c3dae1cf50a08f7922a03004') in 0.030439 seconds 
  Import took 0.126364 seconds .

========================================================================
Received Import Request.
  Time since last request: 0.000312 seconds.
  path: Assets/Readme.asset
  artifactKey: Guid(83c2ed844a8c74b779a4c823d16594b1) Importer(815301076,1909f56bfc062723c751e8b465ee728b)
Start importing Assets/Readme.asset using Guid(83c2ed844a8c74b779a4c823d16594b1) Importer(815301076,1909f56bfc062723c751e8b465ee728b)  -> (artifact id: '7c3b9f17ff219922461d349995487975') in 0.047002 seconds 
  Import took 0.111422 seconds .

========================================================================
Received Import Request.
  Time since last request: 2.708207 seconds.
  path: Assets/Materials/Skybox_Mat.mat
  artifactKey: Guid(0ffaa0b7117ba8c47a9d05ae701d4b4d) Importer(815301076,1909f56bfc062723c751e8b465ee728b)
Start importing Assets/Materials/Skybox_Mat.mat using Guid(0ffaa0b7117ba8c47a9d05ae701d4b4d) Importer(815301076,1909f56bfc062723c751e8b465ee728b)  -> (artifact id: 'f1e587b2d9f39b4a8da249a6a8f56a44') in 0.140447 seconds 
  Import took 0.162099 seconds .

========================================================================
Received Import Request.
  Time since last request: 1.453029 seconds.
  path: Assets/Presets/AudioCompressedInMemory.preset
  artifactKey: Guid(2dd802e4d37c65149922028d3e973832) Importer(815301076,1909f56bfc062723c751e8b465ee728b)
Start importing Assets/Presets/AudioCompressedInMemory.preset using Guid(2dd802e4d37c65149922028d3e973832) Importer(815301076,1909f56bfc062723c751e8b465ee728b)  -> (artifact id: '70939c7466a0a575c20e055aeedbc52e') in 0.130914 seconds 
  Import took 0.243348 seconds .

========================================================================
Received Import Request.
  Time since last request: 0.000432 seconds.
  path: Assets/Presets/AudioStreaming.preset
  artifactKey: Guid(86bcce7f5575b54408aa0f3a7d321039) Importer(815301076,1909f56bfc062723c751e8b465ee728b)
Start importing Assets/Presets/AudioStreaming.preset using Guid(86bcce7f5575b54408aa0f3a7d321039) Importer(815301076,1909f56bfc062723c751e8b465ee728b)  -> (artifact id: '3fd64b4b8f6783da8d1e546ffa643e31') in 0.030823 seconds 
  Import took 0.094768 seconds .

========================================================================
Received Import Request.
  Time since last request: 0.000292 seconds.
  path: Assets/Presets/NormalTexture.preset
  artifactKey: Guid(14a57cf3b9fa1c74b884aa7e0dcf1faa) Importer(815301076,1909f56bfc062723c751e8b465ee728b)
Start importing Assets/Presets/NormalTexture.preset using Guid(14a57cf3b9fa1c74b884aa7e0dcf1faa) Importer(815301076,1909f56bfc062723c751e8b465ee728b)  -> (artifact id: '2180124ffec99f6a58fa05f7255d1536') in 0.051699 seconds 
  Import took 0.133596 seconds .

========================================================================
Received Import Request.
  Time since last request: 0.000468 seconds.
  path: Assets/Presets/UtilityTexture.preset
  artifactKey: Guid(45f7b2e3c78185248b3adbb14429c2ab) Importer(815301076,1909f56bfc062723c751e8b465ee728b)
Start importing Assets/Presets/UtilityTexture.preset using Guid(45f7b2e3c78185248b3adbb14429c2ab) Importer(815301076,1909f56bfc062723c751e8b465ee728b)  -> (artifact id: 'f4ea12d61e319528c50666fe0b61b6e2') in 0.030013 seconds 
  Import took 0.113839 seconds .

========================================================================
Received Import Request.
  Time since last request: 15.415589 seconds.
  path: Assets/Hit_wiket_Test/TechArt_Assets/Shader_Graph/ToonSub_Shader.shadersubgraph
  artifactKey: Guid(ba26d4a280ebc9f429e865916d730f35) Importer(815301076,1909f56bfc062723c751e8b465ee728b)
Start importing Assets/Hit_wiket_Test/TechArt_Assets/Shader_Graph/ToonSub_Shader.shadersubgraph using Guid(ba26d4a280ebc9f429e865916d730f35) Importer(815301076,1909f56bfc062723c751e8b465ee728b)  -> (artifact id: '40e07f6d2d339815f324c041481128ba') in 0.032703 seconds 
  Import took 0.100793 seconds .

========================================================================
Received Import Request.
  Time since last request: 6.341329 seconds.
  path: Assets/Hit_wiket_Test/TechArt_Assets/Shader_Graph/ToonShader.shadergraph
  artifactKey: Guid(342aaa2bf840a394bab4065434cb4e52) Importer(815301076,1909f56bfc062723c751e8b465ee728b)
Start importing Assets/Hit_wiket_Test/TechArt_Assets/Shader_Graph/ToonShader.shadergraph using Guid(342aaa2bf840a394bab4065434cb4e52) Importer(815301076,1909f56bfc062723c751e8b465ee728b)  -> (artifact id: '463d76b0c6d49ac5dabb78d6afc5275e') in 0.027471 seconds 
  Import took 0.177998 seconds .

========================================================================
Received Import Request.
  Time since last request: 5.711811 seconds.
  path: Assets/Hit_wiket_Test/TechArt_Assets/Shader_Graph/ToonShading.shadergraph
  artifactKey: Guid(264799e72a4e8a54e95e548a7038abef) Importer(815301076,1909f56bfc062723c751e8b465ee728b)
Start importing Assets/Hit_wiket_Test/TechArt_Assets/Shader_Graph/ToonShading.shadergraph using Guid(264799e72a4e8a54e95e548a7038abef) Importer(815301076,1909f56bfc062723c751e8b465ee728b)  -> (artifact id: '46ee3e1e0d38588510d4b7e4f82ac82e') in 0.003585 seconds 
  Import took 0.039458 seconds .

========================================================================
Received Prepare
Refreshing native plugins compatible for Editor in 285.18 ms, found 5 plugins.
Preloading 0 native plugins for Editor in 0.00 ms.
Unloading 21 Unused Serialized files (Serialized files now loaded: 0)
System memory in use before: 75.9 MB.
System memory in use after: 75.9 MB.

Unloading 21 unused Assets to reduce memory usage. Loaded Objects now: 3495.
Total: 8.340200 ms (FindLiveObjects: 0.454000 ms CreateObjectMapping: 0.209800 ms MarkObjects: 7.232900 ms  DeleteObjects: 0.440300 ms)

AssetImportParameters requested are different than current active one (requested -> active):
  custom:framework-win-MediaFoundation: 216162199b28c13a410421893ffa2e32 -> 
  custom:video-decoder-ogg-theora: a1e56fd34408186e4bbccfd4996cb3dc -> 
  custom:container-muxer-webm: aa71ff27fc2769a1b78a27578f13a17b -> 
  custom:container-demuxer-webm: 4f35f7cbe854078d1ac9338744f61a02 -> 
  custom:container-demuxer-ogg: 62fdf1f143b41e24485cea50d1cbac27 -> 
  custom:video-encoder-webm-vp8: eb34c28f22e8b96e1ab97ce403110664 -> 
  custom:video-decoder-webm-vp8: 9c59270c3fd7afecdb556c50c9e8de78 -> 
  custom:audio-decoder-ogg-vorbis: bf7c407c2cedff20999df2af8eb42d56 -> 
  custom:audio-encoder-webm-vorbis: bf7c407c2cedff20999df2af8eb42d56 -> 
========================================================================
Received Import Request.
  Time since last request: 64.563222 seconds.
  path: Assets/Hit_wiket_Test/TechArt_Assets/Shader_Graph/ToonShader.shadergraph
  artifactKey: Guid(342aaa2bf840a394bab4065434cb4e52) Importer(815301076,1909f56bfc062723c751e8b465ee728b)
Start importing Assets/Hit_wiket_Test/TechArt_Assets/Shader_Graph/ToonShader.shadergraph using Guid(342aaa2bf840a394bab4065434cb4e52) Importer(815301076,1909f56bfc062723c751e8b465ee728b)  -> (artifact id: '62d87410ca90d8df2eed16c30d4424de') in 0.002282 seconds 
  Import took 0.118607 seconds .

========================================================================
Received Import Request.
  Time since last request: 117.041685 seconds.
  path: Assets/Amit/ColorChanger/Script/MaterialColorChanger.cs
  artifactKey: Guid(2142fb91307b3b84e820b3489dd0c8a6) Importer(815301076,1909f56bfc062723c751e8b465ee728b)
Start importing Assets/Amit/ColorChanger/Script/MaterialColorChanger.cs using Guid(2142fb91307b3b84e820b3489dd0c8a6) Importer(815301076,1909f56bfc062723c751e8b465ee728b)  -> (artifact id: '84df2197c3f81ecac861009f65b686b3') in 0.015451 seconds 
  Import took 0.075749 seconds .

========================================================================
Received Import Request.
  Time since last request: 271.008034 seconds.
  path: Assets/Hit_wiket_Test/TechArt_Assets/Metarial/BareBody.mat
  artifactKey: Guid(193d86923bfe6c3458560933304afee0) Importer(815301076,1909f56bfc062723c751e8b465ee728b)
Start importing Assets/Hit_wiket_Test/TechArt_Assets/Metarial/BareBody.mat using Guid(193d86923bfe6c3458560933304afee0) Importer(815301076,1909f56bfc062723c751e8b465ee728b)  -> (artifact id: 'd08ce0a5002936237c5260d4d010d38c') in 0.286901 seconds 
  Import took 0.315680 seconds .

========================================================================
Received Import Request.
  Time since last request: 0.000452 seconds.
  path: Assets/Hit_wiket_Test/TechArt_Assets/Metarial/Shoes.mat
  artifactKey: Guid(4dc62d14c8bc1e742b2945b79990d5a7) Importer(815301076,1909f56bfc062723c751e8b465ee728b)
Start importing Assets/Hit_wiket_Test/TechArt_Assets/Metarial/Shoes.mat using Guid(4dc62d14c8bc1e742b2945b79990d5a7) Importer(815301076,1909f56bfc062723c751e8b465ee728b)  -> (artifact id: '5fe08f51572ea13018719861e00c90b3') in 0.284257 seconds 
  Import took 0.343127 seconds .

========================================================================
Received Import Request.
  Time since last request: 0.000624 seconds.
  path: Assets/Hit_wiket_Test/TechArt_Assets/Metarial/Master_blaster.mat
  artifactKey: Guid(d6bbc82a3c384004fbd64b55100f42bf) Importer(815301076,1909f56bfc062723c751e8b465ee728b)
Start importing Assets/Hit_wiket_Test/TechArt_Assets/Metarial/Master_blaster.mat using Guid(d6bbc82a3c384004fbd64b55100f42bf) Importer(815301076,1909f56bfc062723c751e8b465ee728b)  -> (artifact id: 'abd2c9d55b784e9820b17bd6c4686750') in 0.278970 seconds 
  Import took 0.364822 seconds .

========================================================================
Received Import Request.
  Time since last request: 0.000602 seconds.
  path: Assets/Hit_wiket_Test/TechArt_Assets/Metarial/Jersey.mat
  artifactKey: Guid(882f7daf8b6676743a74521f696f0299) Importer(815301076,1909f56bfc062723c751e8b465ee728b)
Start importing Assets/Hit_wiket_Test/TechArt_Assets/Metarial/Jersey.mat using Guid(882f7daf8b6676743a74521f696f0299) Importer(815301076,1909f56bfc062723c751e8b465ee728b)  -> (artifact id: '2ab05f34c5d385cdc5cbdc0be7795271') in 0.296505 seconds 
  Import took 0.404677 seconds .

========================================================================
Received Import Request.
  Time since last request: 0.000664 seconds.
  path: Assets/Hit_wiket_Test/TechArt_Assets/Metarial/pads.mat
  artifactKey: Guid(6c2f31540c1c436488df6bbefc5322e6) Importer(815301076,1909f56bfc062723c751e8b465ee728b)
Start importing Assets/Hit_wiket_Test/TechArt_Assets/Metarial/pads.mat using Guid(6c2f31540c1c436488df6bbefc5322e6) Importer(815301076,1909f56bfc062723c751e8b465ee728b)  -> (artifact id: '032bc864d489c3dfe8431e8cab80c2d7') in 0.049096 seconds 
  Import took 0.147170 seconds .

========================================================================
Received Prepare
Registering precompiled user dll's ...
Registered in 0.039625 seconds.
Begin MonoManager ReloadAssembly
Native extension for WindowsStandalone target not found
Refreshing native plugins compatible for Editor in 0.51 ms, found 5 plugins.
Preloading 0 native plugins for Editor in 0.00 ms.
Mono: successfully reloaded assembly
- Completed reload, in  1.058 seconds
Domain Reload Profiling:
	ReloadAssembly (1058ms)
		BeginReloadAssembly (124ms)
			ExecutionOrderSort (0ms)
			DisableScriptedObjects (6ms)
			BackupInstance (0ms)
			ReleaseScriptingObjects (0ms)
			CreateAndSetChildDomain (36ms)
		EndReloadAssembly (856ms)
			LoadAssemblies (91ms)
			RebuildTransferFunctionScriptingTraits (0ms)
			SetupTypeCache (297ms)
			ReleaseScriptCaches (1ms)
			RebuildScriptCaches (41ms)
			SetupLoadedEditorAssemblies (276ms)
				LogAssemblyErrors (0ms)
				InitializePlatformSupportModulesInManaged (4ms)
				SetLoadedEditorAssemblies (0ms)
				RefreshPlugins (1ms)
				BeforeProcessingInitializeOnLoad (56ms)
				ProcessInitializeOnLoadAttributes (203ms)
				ProcessInitializeOnLoadMethodAttributes (10ms)
				AfterProcessingInitializeOnLoad (2ms)
				EditorAssembliesLoaded (0ms)
			ExecutionOrderSort2 (0ms)
			AwakeInstancesAfterBackupRestoration (16ms)
Platform modules already initialized, skipping
Refreshing native plugins compatible for Editor in 1.22 ms, found 5 plugins.
Preloading 0 native plugins for Editor in 0.00 ms.
Unloading 2828 Unused Serialized files (Serialized files now loaded: 0)
System memory in use before: 131.9 MB.
System memory in use after: 131.9 MB.

Unloading 23 unused Assets to reduce memory usage. Loaded Objects now: 3470.
Total: 9.780400 ms (FindLiveObjects: 0.709300 ms CreateObjectMapping: 1.159100 ms MarkObjects: 7.458800 ms  DeleteObjects: 0.449400 ms)

AssetImportParameters requested are different than current active one (requested -> active):
  custom:framework-win-MediaFoundation: 216162199b28c13a410421893ffa2e32 -> 
  custom:video-decoder-ogg-theora: a1e56fd34408186e4bbccfd4996cb3dc -> 
  custom:container-muxer-webm: aa71ff27fc2769a1b78a27578f13a17b -> 
  custom:container-demuxer-webm: 4f35f7cbe854078d1ac9338744f61a02 -> 
  custom:container-demuxer-ogg: 62fdf1f143b41e24485cea50d1cbac27 -> 
  custom:video-encoder-webm-vp8: eb34c28f22e8b96e1ab97ce403110664 -> 
  custom:video-decoder-webm-vp8: 9c59270c3fd7afecdb556c50c9e8de78 -> 
  custom:audio-decoder-ogg-vorbis: bf7c407c2cedff20999df2af8eb42d56 -> 
  custom:audio-encoder-webm-vorbis: bf7c407c2cedff20999df2af8eb42d56 -> 
========================================================================
Received Import Request.
  Time since last request: 283.100124 seconds.
  path: Assets/Hit_wiket_Test/TechArt_Assets/Shader/ToonShader.shader
  artifactKey: Guid(7a5777b572bb0b64ca922a87e78662b2) Importer(815301076,1909f56bfc062723c751e8b465ee728b)
Start importing Assets/Hit_wiket_Test/TechArt_Assets/Shader/ToonShader.shader using Guid(7a5777b572bb0b64ca922a87e78662b2) Importer(815301076,1909f56bfc062723c751e8b465ee728b)  -> (artifact id: '9f7b0be7d25bf5d47afe47f747505269') in 0.039636 seconds 
  Import took 0.397867 seconds .

========================================================================
Received Prepare
Registering precompiled user dll's ...
Registered in 0.334878 seconds.
Begin MonoManager ReloadAssembly
Native extension for WindowsStandalone target not found
Refreshing native plugins compatible for Editor in 0.60 ms, found 5 plugins.
Preloading 0 native plugins for Editor in 0.00 ms.
Mono: successfully reloaded assembly
- Completed reload, in  2.554 seconds
Domain Reload Profiling:
	ReloadAssembly (2555ms)
		BeginReloadAssembly (173ms)
			ExecutionOrderSort (0ms)
			DisableScriptedObjects (7ms)
			BackupInstance (0ms)
			ReleaseScriptingObjects (0ms)
			CreateAndSetChildDomain (59ms)
		EndReloadAssembly (2275ms)
			LoadAssemblies (722ms)
			RebuildTransferFunctionScriptingTraits (0ms)
			SetupTypeCache (546ms)
			ReleaseScriptCaches (4ms)
			RebuildScriptCaches (86ms)
			SetupLoadedEditorAssemblies (573ms)
				LogAssemblyErrors (0ms)
				InitializePlatformSupportModulesInManaged (10ms)
				SetLoadedEditorAssemblies (1ms)
				RefreshPlugins (1ms)
				BeforeProcessingInitializeOnLoad (93ms)
				ProcessInitializeOnLoadAttributes (405ms)
				ProcessInitializeOnLoadMethodAttributes (60ms)
				AfterProcessingInitializeOnLoad (4ms)
				EditorAssembliesLoaded (0ms)
			ExecutionOrderSort2 (0ms)
			AwakeInstancesAfterBackupRestoration (29ms)
Platform modules already initialized, skipping
Refreshing native plugins compatible for Editor in 1.32 ms, found 5 plugins.
Preloading 0 native plugins for Editor in 0.00 ms.
Unloading 2828 Unused Serialized files (Serialized files now loaded: 0)
System memory in use before: 132.0 MB.
System memory in use after: 131.9 MB.

Unloading 23 unused Assets to reduce memory usage. Loaded Objects now: 3472.
Total: 5.495900 ms (FindLiveObjects: 0.842300 ms CreateObjectMapping: 0.329000 ms MarkObjects: 4.012500 ms  DeleteObjects: 0.309300 ms)

AssetImportParameters requested are different than current active one (requested -> active):
  custom:framework-win-MediaFoundation: 216162199b28c13a410421893ffa2e32 -> 
  custom:video-decoder-ogg-theora: a1e56fd34408186e4bbccfd4996cb3dc -> 
  custom:container-muxer-webm: aa71ff27fc2769a1b78a27578f13a17b -> 
  custom:container-demuxer-webm: 4f35f7cbe854078d1ac9338744f61a02 -> 
  custom:container-demuxer-ogg: 62fdf1f143b41e24485cea50d1cbac27 -> 
  custom:video-encoder-webm-vp8: eb34c28f22e8b96e1ab97ce403110664 -> 
  custom:video-decoder-webm-vp8: 9c59270c3fd7afecdb556c50c9e8de78 -> 
  custom:audio-decoder-ogg-vorbis: bf7c407c2cedff20999df2af8eb42d56 -> 
  custom:audio-encoder-webm-vorbis: bf7c407c2cedff20999df2af8eb42d56 -> 
========================================================================
Received Import Request.
  Time since last request: 346.608973 seconds.
  path: Assets/Hit_wiket_Test/TechArt_Assets/Texture/Jersey_Normal.png
  artifactKey: Guid(466277997c1fb0e41aa99890930904bf) Importer(815301076,1909f56bfc062723c751e8b465ee728b)
Start importing Assets/Hit_wiket_Test/TechArt_Assets/Texture/Jersey_Normal.png using Guid(466277997c1fb0e41aa99890930904bf) Importer(815301076,1909f56bfc062723c751e8b465ee728b)  -> (artifact id: '61d6e8fe8cfc1a03e5c8cb9da777e480') in 0.604048 seconds 
  Import took 0.801355 seconds .

========================================================================
Received Import Request.
  Time since last request: 0.000280 seconds.
  path: Assets/Hit_wiket_Test/TechArt_Assets/Texture/Jersey_Texture.png
  artifactKey: Guid(28d46a0d6b63fb746bf06e14f72df7e8) Importer(815301076,1909f56bfc062723c751e8b465ee728b)
Start importing Assets/Hit_wiket_Test/TechArt_Assets/Texture/Jersey_Texture.png using Guid(28d46a0d6b63fb746bf06e14f72df7e8) Importer(815301076,1909f56bfc062723c751e8b465ee728b)  -> (artifact id: 'd123f4e7fb00b3ead0e213c4c404ab3c') in 0.073561 seconds 
  Import took 0.181877 seconds .

========================================================================
Received Import Request.
  Time since last request: 82.528391 seconds.
  path: Assets/Hit_wiket_Test/TechArt_Assets/Shader_Graph/ToonShading.hlsl
  artifactKey: Guid(18eaae9329f8a1c439986dd3072cae9d) Importer(815301076,1909f56bfc062723c751e8b465ee728b)
Start importing Assets/Hit_wiket_Test/TechArt_Assets/Shader_Graph/ToonShading.hlsl using Guid(18eaae9329f8a1c439986dd3072cae9d) Importer(815301076,1909f56bfc062723c751e8b465ee728b)  -> (artifact id: 'd984576320ecdf3d607ec0054836cfdc') in 0.003400 seconds 
  Import took 0.020987 seconds .

========================================================================
Received Import Request.
  Time since last request: 1344.738584 seconds.
  path: Assets/Hit_wiket_Test/TechArt_Assets/Shader/ToonShader.shader
  artifactKey: Guid(7a5777b572bb0b64ca922a87e78662b2) Importer(815301076,1909f56bfc062723c751e8b465ee728b)
Start importing Assets/Hit_wiket_Test/TechArt_Assets/Shader/ToonShader.shader using Guid(7a5777b572bb0b64ca922a87e78662b2) Importer(815301076,1909f56bfc062723c751e8b465ee728b)  -> (artifact id: 'e8dfe5004e4edacd0c1c203c8fdff87d') in 0.003466 seconds 
  Import took 0.100095 seconds .

========================================================================
Received Import Request.
  Time since last request: 49.633935 seconds.
  path: Assets/Hit_wiket_Test/TechArt_Assets/Shader/ToonShader.shader
  artifactKey: Guid(7a5777b572bb0b64ca922a87e78662b2) Importer(815301076,1909f56bfc062723c751e8b465ee728b)
Start importing Assets/Hit_wiket_Test/TechArt_Assets/Shader/ToonShader.shader using Guid(7a5777b572bb0b64ca922a87e78662b2) Importer(815301076,1909f56bfc062723c751e8b465ee728b)  -> (artifact id: 'f29ab5edc0b62a8e1d395337f8352a9c') in 0.001974 seconds 
  Import took 0.121465 seconds .

========================================================================
Received Import Request.
  Time since last request: 83.164059 seconds.
  path: Assets/Hit_wiket_Test/TechArt_Assets/Shader/ToonShader.shader
  artifactKey: Guid(7a5777b572bb0b64ca922a87e78662b2) Importer(815301076,1909f56bfc062723c751e8b465ee728b)
Start importing Assets/Hit_wiket_Test/TechArt_Assets/Shader/ToonShader.shader using Guid(7a5777b572bb0b64ca922a87e78662b2) Importer(815301076,1909f56bfc062723c751e8b465ee728b)  -> (artifact id: '1cb499ad03ee3db4caf24b117887eb6f') in 0.001492 seconds 
  Import took 0.060146 seconds .

========================================================================
Received Import Request.
  Time since last request: 70.200795 seconds.
  path: Assets/Hit_wiket_Test/TechArt_Assets/Shader/ToonShader.shader
  artifactKey: Guid(7a5777b572bb0b64ca922a87e78662b2) Importer(815301076,1909f56bfc062723c751e8b465ee728b)
Start importing Assets/Hit_wiket_Test/TechArt_Assets/Shader/ToonShader.shader using Guid(7a5777b572bb0b64ca922a87e78662b2) Importer(815301076,1909f56bfc062723c751e8b465ee728b)  -> (artifact id: 'f42c8ae5ab14c7527a0e567f7317cf6b') in 0.004300 seconds 
  Import took 0.017183 seconds .

========================================================================
Received Import Request.
  Time since last request: 11.069011 seconds.
  path: Assets/Hit_wiket_Test/TechArt_Assets/Texture/Body_Texture.jpg
  artifactKey: Guid(f05f6a98e92eb8649a60df08ebf6deb9) Importer(815301076,1909f56bfc062723c751e8b465ee728b)
Start importing Assets/Hit_wiket_Test/TechArt_Assets/Texture/Body_Texture.jpg using Guid(f05f6a98e92eb8649a60df08ebf6deb9) Importer(815301076,1909f56bfc062723c751e8b465ee728b)  -> (artifact id: 'bd2b41c1cbe0d965139cb14aff28dc41') in 0.092086 seconds 
  Import took 0.145583 seconds .

========================================================================
Received Import Request.
  Time since last request: 210.190820 seconds.
  path: Assets/Hit_wiket_Test/TechArt_Assets/Texture/Body_Normal.png
  artifactKey: Guid(9a20e9d475d554844920b4af85fcbc17) Importer(815301076,1909f56bfc062723c751e8b465ee728b)
Start importing Assets/Hit_wiket_Test/TechArt_Assets/Texture/Body_Normal.png using Guid(9a20e9d475d554844920b4af85fcbc17) Importer(815301076,1909f56bfc062723c751e8b465ee728b)  -> (artifact id: '845414efdf243305176d9939f0f0f828') in 0.341280 seconds 
  Import took 0.360086 seconds .

========================================================================
Received Import Request.
  Time since last request: 0.000297 seconds.
  path: Assets/Hit_wiket_Test/TechArt_Assets/Texture/Face_Normal.png
  artifactKey: Guid(ffafeacede7174c4c824cf2669ce4281) Importer(815301076,1909f56bfc062723c751e8b465ee728b)
Start importing Assets/Hit_wiket_Test/TechArt_Assets/Texture/Face_Normal.png using Guid(ffafeacede7174c4c824cf2669ce4281) Importer(815301076,1909f56bfc062723c751e8b465ee728b)  -> (artifact id: '395bafb7bd8e5015cc937335297248b8') in 0.169338 seconds 
  Import took 0.195951 seconds .

========================================================================
Received Import Request.
  Time since last request: 0.000332 seconds.
  path: Assets/Hit_wiket_Test/TechArt_Assets/Texture/Gradient D4.png
  artifactKey: Guid(ebff86ca6dea69c47b6fc9ab4fed1bd2) Importer(815301076,1909f56bfc062723c751e8b465ee728b)
Start importing Assets/Hit_wiket_Test/TechArt_Assets/Texture/Gradient D4.png using Guid(ebff86ca6dea69c47b6fc9ab4fed1bd2) Importer(815301076,1909f56bfc062723c751e8b465ee728b)  -> (artifact id: '513f5e85b3155d9672b76d76429c7386') in 0.394721 seconds 
  Import took 0.482979 seconds .

========================================================================
Received Import Request.
  Time since last request: 0.000234 seconds.
  path: Assets/Hit_wiket_Test/TechArt_Assets/Texture/Face_Texture.png
  artifactKey: Guid(fa4fb01a6b5cd14449acf8b5fa14c876) Importer(815301076,1909f56bfc062723c751e8b465ee728b)
Start importing Assets/Hit_wiket_Test/TechArt_Assets/Texture/Face_Texture.png using Guid(fa4fb01a6b5cd14449acf8b5fa14c876) Importer(815301076,1909f56bfc062723c751e8b465ee728b)  -> (artifact id: 'c20be11c6832dd0f9875643bdc5d11c8') in 0.140754 seconds 
  Import took 0.231395 seconds .

========================================================================
Received Import Request.
  Time since last request: 0.000336 seconds.
  path: Assets/Hit_wiket_Test/TechArt_Assets/Texture/Gradient B2.png
  artifactKey: Guid(5ec1ad71b3192984ba7fa3f8228f3f6a) Importer(815301076,1909f56bfc062723c751e8b465ee728b)
Start importing Assets/Hit_wiket_Test/TechArt_Assets/Texture/Gradient B2.png using Guid(5ec1ad71b3192984ba7fa3f8228f3f6a) Importer(815301076,1909f56bfc062723c751e8b465ee728b)  -> (artifact id: '6e3f24bf4dbcc3419662a4c643851b9a') in 0.110309 seconds 
  Import took 0.166541 seconds .

========================================================================
Received Import Request.
  Time since last request: 0.000327 seconds.
  path: Assets/Hit_wiket_Test/TechArt_Assets/Texture/Gradient E2.png
  artifactKey: Guid(4132be662f490574cae5aeb9d3574bef) Importer(815301076,1909f56bfc062723c751e8b465ee728b)
Start importing Assets/Hit_wiket_Test/TechArt_Assets/Texture/Gradient E2.png using Guid(4132be662f490574cae5aeb9d3574bef) Importer(815301076,1909f56bfc062723c751e8b465ee728b)  -> (artifact id: '7ca72ed99874c1ad54ef8d7990bb4ab9') in 0.029134 seconds 
  Import took 0.124050 seconds .

========================================================================
Received Import Request.
  Time since last request: 0.000341 seconds.
  path: Assets/Hit_wiket_Test/TechArt_Assets/Texture/Kit_Texture.png
  artifactKey: Guid(25771858ae9e22a41acaa155982e0f33) Importer(815301076,1909f56bfc062723c751e8b465ee728b)
Start importing Assets/Hit_wiket_Test/TechArt_Assets/Texture/Kit_Texture.png using Guid(25771858ae9e22a41acaa155982e0f33) Importer(815301076,1909f56bfc062723c751e8b465ee728b)  -> (artifact id: '21b5a3d8b725bec564443a9c18775173') in 0.080592 seconds 
  Import took 0.123577 seconds .

========================================================================
Received Import Request.
  Time since last request: 0.000293 seconds.
  path: Assets/Hit_wiket_Test/TechArt_Assets/Texture/Kit_Normal.png
  artifactKey: Guid(ccc1a6f67ad5a864ca6633ebff7abb7e) Importer(815301076,1909f56bfc062723c751e8b465ee728b)
Start importing Assets/Hit_wiket_Test/TechArt_Assets/Texture/Kit_Normal.png using Guid(ccc1a6f67ad5a864ca6633ebff7abb7e) Importer(815301076,1909f56bfc062723c751e8b465ee728b)  -> (artifact id: 'e770f7b2611dea9ff5b4f1982e0a604d') in 0.215369 seconds 
  Import took 0.224549 seconds .

========================================================================
Received Prepare
Registering precompiled user dll's ...
Registered in 0.067006 seconds.
Begin MonoManager ReloadAssembly
Native extension for WindowsStandalone target not found
Refreshing native plugins compatible for Editor in 0.52 ms, found 5 plugins.
Preloading 0 native plugins for Editor in 0.00 ms.
Mono: successfully reloaded assembly
- Completed reload, in  1.424 seconds
Domain Reload Profiling:
	ReloadAssembly (1425ms)
		BeginReloadAssembly (104ms)
			ExecutionOrderSort (0ms)
			DisableScriptedObjects (4ms)
			BackupInstance (0ms)
			ReleaseScriptingObjects (0ms)
			CreateAndSetChildDomain (33ms)
		EndReloadAssembly (1241ms)
			LoadAssemblies (119ms)
			RebuildTransferFunctionScriptingTraits (0ms)
			SetupTypeCache (578ms)
			ReleaseScriptCaches (2ms)
			RebuildScriptCaches (63ms)
			SetupLoadedEditorAssemblies (275ms)
				LogAssemblyErrors (0ms)
				InitializePlatformSupportModulesInManaged (5ms)
				SetLoadedEditorAssemblies (0ms)
				RefreshPlugins (1ms)
				BeforeProcessingInitializeOnLoad (56ms)
				ProcessInitializeOnLoadAttributes (203ms)
				ProcessInitializeOnLoadMethodAttributes (8ms)
				AfterProcessingInitializeOnLoad (2ms)
				EditorAssembliesLoaded (0ms)
			ExecutionOrderSort2 (0ms)
			AwakeInstancesAfterBackupRestoration (15ms)
Platform modules already initialized, skipping
Refreshing native plugins compatible for Editor in 1.21 ms, found 5 plugins.
Preloading 0 native plugins for Editor in 0.00 ms.
Unloading 2828 Unused Serialized files (Serialized files now loaded: 0)
System memory in use before: 132.1 MB.
System memory in use after: 132.1 MB.

Unloading 23 unused Assets to reduce memory usage. Loaded Objects now: 3478.
Total: 5.418900 ms (FindLiveObjects: 0.666200 ms CreateObjectMapping: 0.288000 ms MarkObjects: 4.184700 ms  DeleteObjects: 0.277600 ms)

AssetImportParameters requested are different than current active one (requested -> active):
  custom:framework-win-MediaFoundation: 216162199b28c13a410421893ffa2e32 -> 
  custom:video-decoder-ogg-theora: a1e56fd34408186e4bbccfd4996cb3dc -> 
  custom:container-muxer-webm: aa71ff27fc2769a1b78a27578f13a17b -> 
  custom:container-demuxer-webm: 4f35f7cbe854078d1ac9338744f61a02 -> 
  custom:container-demuxer-ogg: 62fdf1f143b41e24485cea50d1cbac27 -> 
  custom:video-encoder-webm-vp8: eb34c28f22e8b96e1ab97ce403110664 -> 
  custom:video-decoder-webm-vp8: 9c59270c3fd7afecdb556c50c9e8de78 -> 
  custom:audio-decoder-ogg-vorbis: bf7c407c2cedff20999df2af8eb42d56 -> 
  custom:audio-encoder-webm-vorbis: bf7c407c2cedff20999df2af8eb42d56 -> 
========================================================================
Received Prepare
Registering precompiled user dll's ...
Registered in 0.043438 seconds.
Begin MonoManager ReloadAssembly
Native extension for WindowsStandalone target not found
Refreshing native plugins compatible for Editor in 1.07 ms, found 5 plugins.
Preloading 0 native plugins for Editor in 0.00 ms.
Mono: successfully reloaded assembly
- Completed reload, in  4.421 seconds
Domain Reload Profiling:
	ReloadAssembly (4422ms)
		BeginReloadAssembly (201ms)
			ExecutionOrderSort (0ms)
			DisableScriptedObjects (12ms)
			BackupInstance (0ms)
			ReleaseScriptingObjects (0ms)
			CreateAndSetChildDomain (74ms)
		EndReloadAssembly (4124ms)
			LoadAssemblies (148ms)
			RebuildTransferFunctionScriptingTraits (0ms)
			SetupTypeCache (515ms)
			ReleaseScriptCaches (2ms)
			RebuildScriptCaches (70ms)
			SetupLoadedEditorAssemblies (560ms)
				LogAssemblyErrors (0ms)
				InitializePlatformSupportModulesInManaged (11ms)
				SetLoadedEditorAssemblies (1ms)
				RefreshPlugins (1ms)
				BeforeProcessingInitializeOnLoad (116ms)
				ProcessInitializeOnLoadAttributes (409ms)
				ProcessInitializeOnLoadMethodAttributes (18ms)
				AfterProcessingInitializeOnLoad (3ms)
				EditorAssembliesLoaded (1ms)
			ExecutionOrderSort2 (0ms)
			AwakeInstancesAfterBackupRestoration (38ms)
Platform modules already initialized, skipping
Refreshing native plugins compatible for Editor in 1.70 ms, found 5 plugins.
Preloading 0 native plugins for Editor in 0.00 ms.
Unloading 2828 Unused Serialized files (Serialized files now loaded: 0)
System memory in use before: 132.1 MB.
System memory in use after: 132.1 MB.

Unloading 23 unused Assets to reduce memory usage. Loaded Objects now: 3480.
Total: 11.663400 ms (FindLiveObjects: 1.424500 ms CreateObjectMapping: 0.642700 ms MarkObjects: 8.488200 ms  DeleteObjects: 1.103600 ms)

AssetImportParameters requested are different than current active one (requested -> active):
  custom:framework-win-MediaFoundation: 216162199b28c13a410421893ffa2e32 -> 
  custom:video-decoder-ogg-theora: a1e56fd34408186e4bbccfd4996cb3dc -> 
  custom:container-muxer-webm: aa71ff27fc2769a1b78a27578f13a17b -> 
  custom:container-demuxer-webm: 4f35f7cbe854078d1ac9338744f61a02 -> 
  custom:container-demuxer-ogg: 62fdf1f143b41e24485cea50d1cbac27 -> 
  custom:video-encoder-webm-vp8: eb34c28f22e8b96e1ab97ce403110664 -> 
  custom:video-decoder-webm-vp8: 9c59270c3fd7afecdb556c50c9e8de78 -> 
  custom:audio-decoder-ogg-vorbis: bf7c407c2cedff20999df2af8eb42d56 -> 
  custom:audio-encoder-webm-vorbis: bf7c407c2cedff20999df2af8eb42d56 -> 
AssetImportWorkerClient::OnTransportError - code=2 error=End of file
